[2018-08-05 13:51:53.452] [exthost1] [info] extension host started
[2018-08-05 13:51:53.802] [exthost1] [info] extension host started
[2018-08-05 13:51:53.857] [exthost1] [info] ExtensionService#_doActivateExtension vscode.emmet {"startup":true,"activationEvent":"*"}
[2018-08-05 13:51:53.857] [exthost1] [info] ExtensionService#loadCommonJSModule c:\Users\Dalton Strauss\.codemix\engine\resources\app\extensions\emmet\out\extension
[2018-08-05 13:51:53.960] [exthost1] [info] ExtensionService#_doActivateExtension vscode.git {"startup":true,"activationEvent":"*"}
[2018-08-05 13:51:53.960] [exthost1] [info] ExtensionService#loadCommonJSModule c:\Users\Dalton Strauss\.codemix\engine\resources\app\extensions\git\out\main
[2018-08-05 13:51:54.239] [exthost1] [info] ExtensionService#_doActivateExtension vscode.merge-conflict {"startup":true,"activationEvent":"*"}
[2018-08-05 13:51:54.239] [exthost1] [info] ExtensionService#loadCommonJSModule c:\Users\Dalton Strauss\.codemix\engine\resources\app\extensions\merge-conflict\out\extension
[2018-08-05 13:51:54.265] [exthost1] [info] ExtensionService#_doActivateExtension vscode.search-rg {"startup":true,"activationEvent":"*"}
[2018-08-05 13:51:54.265] [exthost1] [info] ExtensionService#loadCommonJSModule c:\Users\Dalton Strauss\.codemix\engine\resources\app\extensions\search-rg\out\extension
[2018-08-05 13:51:54.277] [exthost1] [info] ExtensionService#_doActivateExtension christian-kohler.path-intellisense {"startup":true,"activationEvent":"*"}
[2018-08-05 13:51:54.277] [exthost1] [info] ExtensionService#loadCommonJSModule C:\Users\Dalton Strauss\.vscode\extensions\christian-kohler.path-intellisense-1.4.2\out\src\extension
[2018-08-05 13:51:54.301] [exthost1] [info] ExtensionService#_doActivateExtension dbaeumer.vscode-eslint {"startup":true,"activationEvent":"*"}
[2018-08-05 13:51:54.301] [exthost1] [info] ExtensionService#loadCommonJSModule C:\Users\Dalton Strauss\.vscode\extensions\dbaeumer.vscode-eslint-1.4.10\client\out\extension
[2018-08-05 13:51:54.406] [exthost1] [info] ExtensionService#_doActivateExtension formulahendry.auto-close-tag {"startup":true,"activationEvent":"*"}
[2018-08-05 13:51:54.406] [exthost1] [info] ExtensionService#loadCommonJSModule C:\Users\Dalton Strauss\.vscode\extensions\formulahendry.auto-close-tag-0.5.6\out\src\extension
[2018-08-05 13:51:54.409] [exthost1] [info] ExtensionService#_doActivateExtension HookyQR.beautify {"startup":true,"activationEvent":"*"}
[2018-08-05 13:51:54.409] [exthost1] [info] ExtensionService#loadCommonJSModule C:\Users\Dalton Strauss\.vscode\extensions\hookyqr.beautify-1.3.0\extension
[2018-08-05 13:51:54.472] [exthost1] [info] ExtensionService#_doActivateExtension Zignd.html-css-class-completion {"startup":true,"activationEvent":"*"}
[2018-08-05 13:51:54.472] [exthost1] [info] ExtensionService#loadCommonJSModule C:\Users\Dalton Strauss\.vscode\extensions\zignd.html-css-class-completion-1.17.1\out\src\extension
[2018-08-05 13:51:56.922] [exthost1] [info] eager extensions activated
[2018-08-05 13:51:56.923] [exthost1] [info] ExtensionService#_doActivateExtension vscode.configuration-editing {"startup":false,"activationEvent":"onLanguage:jsonc"}
[2018-08-05 13:51:56.923] [exthost1] [info] ExtensionService#loadCommonJSModule c:\Users\Dalton Strauss\.codemix\engine\resources\app\extensions\configuration-editing\out\extension
[2018-08-05 13:51:56.960] [exthost1] [info] ExtensionService#_doActivateExtension vscode.json-language-features {"startup":false,"activationEvent":"onLanguage:jsonc"}
[2018-08-05 13:51:56.960] [exthost1] [info] ExtensionService#loadCommonJSModule c:\Users\Dalton Strauss\.codemix\engine\resources\app\extensions\json-language-features\client\out\jsonMain
